----------------------------------------------- INFOS -----------------------------------------------
trainingInputs: [[0,0,-1][1,1,1][1,0,1][0,1,1]]
trainingOutputs: [[0,1,1,0]]
thinkOutput: [[0,0,1]]
interactions: 128000lps
-----------------------------------------------------------------------------------------------------

-------------------------------------------- TRAIN WORK --------------------------------------------
[21:12:36.574] Random synaptic weights before training:
[0, 0] = -0,502662831685814
[1, 0] = -0,778512045637943
[2, 0] = -0,0659786402555083

[21:12:37.023] Result synaptic weights after training:
[0, 0] = 11,3924171708722
[1, 0] = -11,1884902313216
[2, 0] = 5,66652260578824

[21:12:37.025] Train finished in 687ms
-----------------------------------------------------------------------------------------------------

------------------------------------------- THINK PROCESS -------------------------------------------
[21:12:37.026] result of problems => [[0,0,1]]:
[0, 0] = 0,99655205373232

[21:12:37.026] Think finished in 687ms
-----------------------------------------------------------------------------------------------------
